CRITICAL - 2023-11-16 17:57:39 --> Undefined variable $data
in APPPATH\Views\visitante\MostrarCatalogo.php on line 45.
 1 APPPATH\Views\visitante\MostrarCatalogo.php(45): CodeIgniter\Debug\Exceptions->errorHandler(2, 'Undefined variable $data', 'D:\\Universidad\\TEC\\Semestre V\\Desarrollo de aplicaciones web\\Catalogo\\Catalogo\\app\\Views\\visitante\\MostrarCatalogo.php', 45)
 2 SYSTEMPATH\View\View.php(226): include('D:\\Universidad\\TEC\\Semestre V\\Desarrollo de aplicaciones web\\Catalogo\\Catalogo\\app\\Views\\visitante\\MostrarCatalogo.php')
 3 SYSTEMPATH\View\View.php(229): CodeIgniter\View\View->CodeIgniter\View\{closure}()
 4 SYSTEMPATH\Common.php(1188): CodeIgniter\View\View->render('visitante/MostrarCatalogo', [], true)
 5 APPPATH\Controllers\VisitanteController.php(14): view('visitante/MostrarCatalogo', [...])
 6 SYSTEMPATH\CodeIgniter.php(919): App\Controllers\VisitanteController->consultarCatalogo()
 7 SYSTEMPATH\CodeIgniter.php(494): CodeIgniter\CodeIgniter->runController(Object(App\Controllers\VisitanteController))
 8 SYSTEMPATH\CodeIgniter.php(353): CodeIgniter\CodeIgniter->handleRequest(null, Object(Config\Cache), false)
 9 FCPATH\index.php(79): CodeIgniter\CodeIgniter->run()
10 SYSTEMPATH\Commands\Server\rewrite.php(47): require_once('D:\\Universidad\\TEC\\Semestre V\\Desarrollo de aplicaciones web\\Catalogo\\Catalogo\\public\\index.php')
CRITICAL - 2023-11-16 18:00:59 --> Undefined variable $data
in APPPATH\Views\visitante\MostrarCatalogo.php on line 45.
 1 APPPATH\Views\visitante\MostrarCatalogo.php(45): CodeIgniter\Debug\Exceptions->errorHandler(2, 'Undefined variable $data', 'D:\\Universidad\\TEC\\Semestre V\\Desarrollo de aplicaciones web\\Catalogo\\Catalogo\\app\\Views\\visitante\\MostrarCatalogo.php', 45)
 2 SYSTEMPATH\View\View.php(226): include('D:\\Universidad\\TEC\\Semestre V\\Desarrollo de aplicaciones web\\Catalogo\\Catalogo\\app\\Views\\visitante\\MostrarCatalogo.php')
 3 SYSTEMPATH\View\View.php(229): CodeIgniter\View\View->CodeIgniter\View\{closure}()
 4 SYSTEMPATH\Common.php(1188): CodeIgniter\View\View->render('visitante/MostrarCatalogo', [], true)
 5 APPPATH\Controllers\VisitanteController.php(18): view('visitante/MostrarCatalogo', [...])
 6 SYSTEMPATH\CodeIgniter.php(919): App\Controllers\VisitanteController->consultarCatalogo()
 7 SYSTEMPATH\CodeIgniter.php(494): CodeIgniter\CodeIgniter->runController(Object(App\Controllers\VisitanteController))
 8 SYSTEMPATH\CodeIgniter.php(353): CodeIgniter\CodeIgniter->handleRequest(null, Object(Config\Cache), false)
 9 FCPATH\index.php(79): CodeIgniter\CodeIgniter->run()
10 SYSTEMPATH\Commands\Server\rewrite.php(47): require_once('D:\\Universidad\\TEC\\Semestre V\\Desarrollo de aplicaciones web\\Catalogo\\Catalogo\\public\\index.php')
CRITICAL - 2023-11-16 18:04:07 --> Undefined variable $data
in APPPATH\Views\visitante\MostrarCatalogo.php on line 45.
 1 APPPATH\Views\visitante\MostrarCatalogo.php(45): CodeIgniter\Debug\Exceptions->errorHandler(2, 'Undefined variable $data', 'D:\\Universidad\\TEC\\Semestre V\\Desarrollo de aplicaciones web\\Catalogo\\Catalogo\\app\\Views\\visitante\\MostrarCatalogo.php', 45)
 2 SYSTEMPATH\View\View.php(226): include('D:\\Universidad\\TEC\\Semestre V\\Desarrollo de aplicaciones web\\Catalogo\\Catalogo\\app\\Views\\visitante\\MostrarCatalogo.php')
 3 SYSTEMPATH\View\View.php(229): CodeIgniter\View\View->CodeIgniter\View\{closure}()
 4 SYSTEMPATH\Common.php(1188): CodeIgniter\View\View->render('visitante/MostrarCatalogo', [], true)
 5 APPPATH\Controllers\VisitanteController.php(18): view('visitante/MostrarCatalogo', [...])
 6 SYSTEMPATH\CodeIgniter.php(919): App\Controllers\VisitanteController->consultarCatalogo()
 7 SYSTEMPATH\CodeIgniter.php(494): CodeIgniter\CodeIgniter->runController(Object(App\Controllers\VisitanteController))
 8 SYSTEMPATH\CodeIgniter.php(353): CodeIgniter\CodeIgniter->handleRequest(null, Object(Config\Cache), false)
 9 FCPATH\index.php(79): CodeIgniter\CodeIgniter->run()
10 SYSTEMPATH\Commands\Server\rewrite.php(47): require_once('D:\\Universidad\\TEC\\Semestre V\\Desarrollo de aplicaciones web\\Catalogo\\Catalogo\\public\\index.php')
CRITICAL - 2023-11-16 18:17:43 --> Undefined constant "App\Models\foto"
in SYSTEMPATH\Config\Factories.php on line 215.
 1 SYSTEMPATH\Config\Factories.php(165): CodeIgniter\Config\Factories::createInstance('models', 'App\\Models\\ProductoModel', [...])
 2 SYSTEMPATH\Common.php(827): CodeIgniter\Config\Factories::__callStatic('models', [...])
 3 APPPATH\Controllers\VisitanteController.php(18): model('ProductoModel')
 4 SYSTEMPATH\CodeIgniter.php(919): App\Controllers\VisitanteController->consultarCatalogo()
 5 SYSTEMPATH\CodeIgniter.php(494): CodeIgniter\CodeIgniter->runController(Object(App\Controllers\VisitanteController))
 6 SYSTEMPATH\CodeIgniter.php(353): CodeIgniter\CodeIgniter->handleRequest(null, Object(Config\Cache), false)
 7 FCPATH\index.php(79): CodeIgniter\CodeIgniter->run()
 8 SYSTEMPATH\Commands\Server\rewrite.php(47): require_once('D:\\Universidad\\TEC\\Semestre V\\Desarrollo de aplicaciones web\\Catalogo\\Catalogo\\public\\index.php')
CRITICAL - 2023-11-16 18:19:23 --> CodeIgniter\BaseModel::findAll(): Argument #1 ($limit) must be of type int, string given, called in D:\Universidad\TEC\Semestre V\Desarrollo de aplicaciones web\Catalogo\Catalogo\app\Controllers\VisitanteController.php on line 19
in SYSTEMPATH\BaseModel.php on line 607.
 1 APPPATH\Controllers\VisitanteController.php(19): CodeIgniter\BaseModel->findAll('vendedor')
 2 SYSTEMPATH\CodeIgniter.php(919): App\Controllers\VisitanteController->consultarCatalogo()
 3 SYSTEMPATH\CodeIgniter.php(494): CodeIgniter\CodeIgniter->runController(Object(App\Controllers\VisitanteController))
 4 SYSTEMPATH\CodeIgniter.php(353): CodeIgniter\CodeIgniter->handleRequest(null, Object(Config\Cache), false)
 5 FCPATH\index.php(79): CodeIgniter\CodeIgniter->run()
 6 SYSTEMPATH\Commands\Server\rewrite.php(47): require_once('D:\\Universidad\\TEC\\Semestre V\\Desarrollo de aplicaciones web\\Catalogo\\Catalogo\\public\\index.php')
CRITICAL - 2023-11-16 18:29:01 --> Undefined variable $vendedor
in APPPATH\Controllers\VisitanteController.php on line 19.
 1 APPPATH\Controllers\VisitanteController.php(19): CodeIgniter\Debug\Exceptions->errorHandler(2, 'Undefined variable $vendedor', 'D:\\Universidad\\TEC\\Semestre V\\Desarrollo de aplicaciones web\\Catalogo\\Catalogo\\app\\Controllers\\VisitanteController.php', 19)
 2 SYSTEMPATH\CodeIgniter.php(919): App\Controllers\VisitanteController->consultarCatalogo()
 3 SYSTEMPATH\CodeIgniter.php(494): CodeIgniter\CodeIgniter->runController(Object(App\Controllers\VisitanteController))
 4 SYSTEMPATH\CodeIgniter.php(353): CodeIgniter\CodeIgniter->handleRequest(null, Object(Config\Cache), false)
 5 FCPATH\index.php(79): CodeIgniter\CodeIgniter->run()
 6 SYSTEMPATH\Commands\Server\rewrite.php(47): require_once('D:\\Universidad\\TEC\\Semestre V\\Desarrollo de aplicaciones web\\Catalogo\\Catalogo\\public\\index.php')
CRITICAL - 2023-11-16 18:35:20 --> Undefined constant "App\Models\foto"
in SYSTEMPATH\Config\Factories.php on line 215.
 1 SYSTEMPATH\Config\Factories.php(165): CodeIgniter\Config\Factories::createInstance('models', 'App\\Models\\ProductoModel', [...])
 2 SYSTEMPATH\Common.php(827): CodeIgniter\Config\Factories::__callStatic('models', [...])
 3 APPPATH\Controllers\VisitanteController.php(18): model('ProductoModel')
 4 SYSTEMPATH\CodeIgniter.php(919): App\Controllers\VisitanteController->consultarCatalogo()
 5 SYSTEMPATH\CodeIgniter.php(494): CodeIgniter\CodeIgniter->runController(Object(App\Controllers\VisitanteController))
 6 SYSTEMPATH\CodeIgniter.php(353): CodeIgniter\CodeIgniter->handleRequest(null, Object(Config\Cache), false)
 7 FCPATH\index.php(79): CodeIgniter\CodeIgniter->run()
 8 SYSTEMPATH\Commands\Server\rewrite.php(47): require_once('D:\\Universidad\\TEC\\Semestre V\\Desarrollo de aplicaciones web\\Catalogo\\Catalogo\\public\\index.php')
