ERROR - 2023-11-29 03:17:44 --> mysqli_sql_exception: Cannot add or update a child row: a foreign key constraint fails (`catalogosweb`.`visitante`, CONSTRAINT `visitante_ibfk_1` FOREIGN KEY (`perfil`) REFERENCES `perfiles` (`id_perfil`)) in D:\Universidad\TEC\Semestre V\Desarrollo de aplicaciones web\Catalogo\Catalogo\system\Database\MySQLi\Connection.php:306
Stack trace:
#0 D:\Universidad\TEC\Semestre V\Desarrollo de aplicaciones web\Catalogo\Catalogo\system\Database\MySQLi\Connection.php(306): mysqli->query('INSERT INTO `vi...', 0)
#1 D:\Universidad\TEC\Semestre V\Desarrollo de aplicaciones web\Catalogo\Catalogo\system\Database\BaseConnection.php(692): CodeIgniter\Database\MySQLi\Connection->execute('INSERT INTO `vi...')
#2 D:\Universidad\TEC\Semestre V\Desarrollo de aplicaciones web\Catalogo\Catalogo\system\Database\BaseConnection.php(606): CodeIgniter\Database\BaseConnection->simpleQuery('INSERT INTO `vi...')
#3 D:\Universidad\TEC\Semestre V\Desarrollo de aplicaciones web\Catalogo\Catalogo\system\Database\BaseBuilder.php(2308): CodeIgniter\Database\BaseConnection->query('INSERT INTO `vi...', Array, false)
#4 D:\Universidad\TEC\Semestre V\Desarrollo de aplicaciones web\Catalogo\Catalogo\app\Controllers\UsuariosController.php(22): CodeIgniter\Database\BaseBuilder->insert(Array)
#5 D:\Universidad\TEC\Semestre V\Desarrollo de aplicaciones web\Catalogo\Catalogo\system\CodeIgniter.php(919): App\Controllers\UsuariosController->insertar()
#6 D:\Universidad\TEC\Semestre V\Desarrollo de aplicaciones web\Catalogo\Catalogo\system\CodeIgniter.php(494): CodeIgniter\CodeIgniter->runController(Object(App\Controllers\UsuariosController))
#7 D:\Universidad\TEC\Semestre V\Desarrollo de aplicaciones web\Catalogo\Catalogo\system\CodeIgniter.php(353): CodeIgniter\CodeIgniter->handleRequest(NULL, Object(Config\Cache), false)
#8 D:\Universidad\TEC\Semestre V\Desarrollo de aplicaciones web\Catalogo\Catalogo\public\index.php(79): CodeIgniter\CodeIgniter->run()
#9 D:\Universidad\TEC\Semestre V\Desarrollo de aplicaciones web\Catalogo\Catalogo\system\Commands\Server\rewrite.php(47): require_once('D:\\Universidad\\...')
#10 {main}
CRITICAL - 2023-11-29 03:17:44 --> Cannot add or update a child row: a foreign key constraint fails (`catalogosweb`.`visitante`, CONSTRAINT `visitante_ibfk_1` FOREIGN KEY (`perfil`) REFERENCES `perfiles` (`id_perfil`))
in SYSTEMPATH\Database\BaseConnection.php on line 646.
 1 SYSTEMPATH\Database\BaseBuilder.php(2308): CodeIgniter\Database\BaseConnection->query('INSERT INTO `visitante` (`correo_electronico`, `nombre_usuario`, `contrasena`) VALUES (:correo_electronico:, :nombre_usuario:, :contrasena:)', [...], false)
 2 APPPATH\Controllers\UsuariosController.php(22): CodeIgniter\Database\BaseBuilder->insert([...])
 3 SYSTEMPATH\CodeIgniter.php(919): App\Controllers\UsuariosController->insertar()
 4 SYSTEMPATH\CodeIgniter.php(494): CodeIgniter\CodeIgniter->runController(Object(App\Controllers\UsuariosController))
 5 SYSTEMPATH\CodeIgniter.php(353): CodeIgniter\CodeIgniter->handleRequest(null, Object(Config\Cache), false)
 6 FCPATH\index.php(79): CodeIgniter\CodeIgniter->run()
 7 SYSTEMPATH\Commands\Server\rewrite.php(47): require_once('D:\\Universidad\\TEC\\Semestre V\\Desarrollo de aplicaciones web\\Catalogo\\Catalogo\\public\\index.php')
ERROR - 2023-11-29 03:23:45 --> mysqli_sql_exception: Cannot add or update a child row: a foreign key constraint fails (`catalogosweb`.`visitante`, CONSTRAINT `visitante_ibfk_1` FOREIGN KEY (`perfil`) REFERENCES `perfiles` (`id_perfil`)) in D:\Universidad\TEC\Semestre V\Desarrollo de aplicaciones web\Catalogo\Catalogo\system\Database\MySQLi\Connection.php:306
Stack trace:
#0 D:\Universidad\TEC\Semestre V\Desarrollo de aplicaciones web\Catalogo\Catalogo\system\Database\MySQLi\Connection.php(306): mysqli->query('INSERT INTO `vi...', 0)
#1 D:\Universidad\TEC\Semestre V\Desarrollo de aplicaciones web\Catalogo\Catalogo\system\Database\BaseConnection.php(692): CodeIgniter\Database\MySQLi\Connection->execute('INSERT INTO `vi...')
#2 D:\Universidad\TEC\Semestre V\Desarrollo de aplicaciones web\Catalogo\Catalogo\system\Database\BaseConnection.php(606): CodeIgniter\Database\BaseConnection->simpleQuery('INSERT INTO `vi...')
#3 D:\Universidad\TEC\Semestre V\Desarrollo de aplicaciones web\Catalogo\Catalogo\system\Database\BaseBuilder.php(2308): CodeIgniter\Database\BaseConnection->query('INSERT INTO `vi...', Array, false)
#4 D:\Universidad\TEC\Semestre V\Desarrollo de aplicaciones web\Catalogo\Catalogo\app\Controllers\UsuariosController.php(22): CodeIgniter\Database\BaseBuilder->insert(Array)
#5 D:\Universidad\TEC\Semestre V\Desarrollo de aplicaciones web\Catalogo\Catalogo\system\CodeIgniter.php(919): App\Controllers\UsuariosController->insertar()
#6 D:\Universidad\TEC\Semestre V\Desarrollo de aplicaciones web\Catalogo\Catalogo\system\CodeIgniter.php(494): CodeIgniter\CodeIgniter->runController(Object(App\Controllers\UsuariosController))
#7 D:\Universidad\TEC\Semestre V\Desarrollo de aplicaciones web\Catalogo\Catalogo\system\CodeIgniter.php(353): CodeIgniter\CodeIgniter->handleRequest(NULL, Object(Config\Cache), false)
#8 D:\Universidad\TEC\Semestre V\Desarrollo de aplicaciones web\Catalogo\Catalogo\public\index.php(79): CodeIgniter\CodeIgniter->run()
#9 D:\Universidad\TEC\Semestre V\Desarrollo de aplicaciones web\Catalogo\Catalogo\system\Commands\Server\rewrite.php(47): require_once('D:\\Universidad\\...')
#10 {main}
CRITICAL - 2023-11-29 03:23:45 --> Cannot add or update a child row: a foreign key constraint fails (`catalogosweb`.`visitante`, CONSTRAINT `visitante_ibfk_1` FOREIGN KEY (`perfil`) REFERENCES `perfiles` (`id_perfil`))
in SYSTEMPATH\Database\BaseConnection.php on line 646.
 1 SYSTEMPATH\Database\BaseBuilder.php(2308): CodeIgniter\Database\BaseConnection->query('INSERT INTO `visitante` (`correo_electronico`, `nombre_usuario`, `contrasena`) VALUES (:correo_electronico:, :nombre_usuario:, :contrasena:)', [...], false)
 2 APPPATH\Controllers\UsuariosController.php(22): CodeIgniter\Database\BaseBuilder->insert([...])
 3 SYSTEMPATH\CodeIgniter.php(919): App\Controllers\UsuariosController->insertar()
 4 SYSTEMPATH\CodeIgniter.php(494): CodeIgniter\CodeIgniter->runController(Object(App\Controllers\UsuariosController))
 5 SYSTEMPATH\CodeIgniter.php(353): CodeIgniter\CodeIgniter->handleRequest(null, Object(Config\Cache), false)
 6 FCPATH\index.php(79): CodeIgniter\CodeIgniter->run()
 7 SYSTEMPATH\Commands\Server\rewrite.php(47): require_once('D:\\Universidad\\TEC\\Semestre V\\Desarrollo de aplicaciones web\\Catalogo\\Catalogo\\public\\index.php')
CRITICAL - 2023-11-29 03:36:00 --> The route for "/usuarios/registro" cannot be found.
in SYSTEMPATH\HTTP\RedirectResponse.php on line 60.
 1 SYSTEMPATH\HTTP\RedirectResponse.php(60): CodeIgniter\HTTP\Exceptions\HTTPException::forInvalidRedirectRoute('/usuarios/registro')
 2 SYSTEMPATH\Common.php(878): CodeIgniter\HTTP\RedirectResponse->route(false)
 3 APPPATH\Controllers\UsuariosController.php(24): redirect('/usuarios/registro', 'refresh')
 4 SYSTEMPATH\CodeIgniter.php(919): App\Controllers\UsuariosController->insertar()
 5 SYSTEMPATH\CodeIgniter.php(494): CodeIgniter\CodeIgniter->runController(Object(App\Controllers\UsuariosController))
 6 SYSTEMPATH\CodeIgniter.php(353): CodeIgniter\CodeIgniter->handleRequest(null, Object(Config\Cache), false)
 7 FCPATH\index.php(79): CodeIgniter\CodeIgniter->run()
 8 SYSTEMPATH\Commands\Server\rewrite.php(47): require_once('D:\\Universidad\\TEC\\Semestre V\\Desarrollo de aplicaciones web\\Catalogo\\Catalogo\\public\\index.php')
CRITICAL - 2023-11-29 03:37:29 --> The route for "/usuarios/login" cannot be found.
in SYSTEMPATH\HTTP\RedirectResponse.php on line 60.
 1 SYSTEMPATH\HTTP\RedirectResponse.php(60): CodeIgniter\HTTP\Exceptions\HTTPException::forInvalidRedirectRoute('/usuarios/login')
 2 SYSTEMPATH\Common.php(878): CodeIgniter\HTTP\RedirectResponse->route(false)
 3 APPPATH\Controllers\UsuariosController.php(24): redirect('/usuarios/login', 'refresh')
 4 SYSTEMPATH\CodeIgniter.php(919): App\Controllers\UsuariosController->insertar()
 5 SYSTEMPATH\CodeIgniter.php(494): CodeIgniter\CodeIgniter->runController(Object(App\Controllers\UsuariosController))
 6 SYSTEMPATH\CodeIgniter.php(353): CodeIgniter\CodeIgniter->handleRequest(null, Object(Config\Cache), false)
 7 FCPATH\index.php(79): CodeIgniter\CodeIgniter->run()
 8 SYSTEMPATH\Commands\Server\rewrite.php(47): require_once('D:\\Universidad\\TEC\\Semestre V\\Desarrollo de aplicaciones web\\Catalogo\\Catalogo\\public\\index.php')
CRITICAL - 2023-11-29 04:14:12 --> Undefined array key "correo_electronico"
in APPPATH\Controllers\UsuariosController.php on line 18.
 1 APPPATH\Controllers\UsuariosController.php(18): CodeIgniter\Debug\Exceptions->errorHandler(2, 'Undefined array key "correo_electronico"', 'D:\\Universidad\\TEC\\Semestre V\\Desarrollo de aplicaciones web\\Catalogo\\Catalogo\\app\\Controllers\\UsuariosController.php', 18)
 2 SYSTEMPATH\CodeIgniter.php(919): App\Controllers\UsuariosController->registrar_usuario()
 3 SYSTEMPATH\CodeIgniter.php(494): CodeIgniter\CodeIgniter->runController(Object(App\Controllers\UsuariosController))
 4 SYSTEMPATH\CodeIgniter.php(353): CodeIgniter\CodeIgniter->handleRequest(null, Object(Config\Cache), false)
 5 FCPATH\index.php(79): CodeIgniter\CodeIgniter->run()
 6 SYSTEMPATH\Commands\Server\rewrite.php(47): require_once('D:\\Universidad\\TEC\\Semestre V\\Desarrollo de aplicaciones web\\Catalogo\\Catalogo\\public\\index.php')
CRITICAL - 2023-11-29 04:15:32 --> Undefined array key "correo_electronico"
in APPPATH\Controllers\UsuariosController.php on line 18.
 1 APPPATH\Controllers\UsuariosController.php(18): CodeIgniter\Debug\Exceptions->errorHandler(2, 'Undefined array key "correo_electronico"', 'D:\\Universidad\\TEC\\Semestre V\\Desarrollo de aplicaciones web\\Catalogo\\Catalogo\\app\\Controllers\\UsuariosController.php', 18)
 2 SYSTEMPATH\CodeIgniter.php(919): App\Controllers\UsuariosController->registrar_usuario()
 3 SYSTEMPATH\CodeIgniter.php(494): CodeIgniter\CodeIgniter->runController(Object(App\Controllers\UsuariosController))
 4 SYSTEMPATH\CodeIgniter.php(353): CodeIgniter\CodeIgniter->handleRequest(null, Object(Config\Cache), false)
 5 FCPATH\index.php(79): CodeIgniter\CodeIgniter->run()
 6 SYSTEMPATH\Commands\Server\rewrite.php(47): require_once('D:\\Universidad\\TEC\\Semestre V\\Desarrollo de aplicaciones web\\Catalogo\\Catalogo\\public\\index.php')
CRITICAL - 2023-11-29 04:16:48 --> Undefined array key "correo_electronico"
in APPPATH\Controllers\UsuariosController.php on line 18.
 1 APPPATH\Controllers\UsuariosController.php(18): CodeIgniter\Debug\Exceptions->errorHandler(2, 'Undefined array key "correo_electronico"', 'D:\\Universidad\\TEC\\Semestre V\\Desarrollo de aplicaciones web\\Catalogo\\Catalogo\\app\\Controllers\\UsuariosController.php', 18)
 2 SYSTEMPATH\CodeIgniter.php(919): App\Controllers\UsuariosController->registrar_usuario()
 3 SYSTEMPATH\CodeIgniter.php(494): CodeIgniter\CodeIgniter->runController(Object(App\Controllers\UsuariosController))
 4 SYSTEMPATH\CodeIgniter.php(353): CodeIgniter\CodeIgniter->handleRequest(null, Object(Config\Cache), false)
 5 FCPATH\index.php(79): CodeIgniter\CodeIgniter->run()
 6 SYSTEMPATH\Commands\Server\rewrite.php(47): require_once('D:\\Universidad\\TEC\\Semestre V\\Desarrollo de aplicaciones web\\Catalogo\\Catalogo\\public\\index.php')
CRITICAL - 2023-11-29 04:19:00 --> Too few arguments to function CodeIgniter\Router\RouteCollection::get(), 1 passed in D:\Universidad\TEC\Semestre V\Desarrollo de aplicaciones web\Catalogo\Catalogo\app\Config\Routes.php on line 13 and at least 2 expected
in SYSTEMPATH\Router\RouteCollection.php on line 1011.
 1 APPPATH\Config\Routes.php(13): CodeIgniter\Router\RouteCollection->get('/usuarios/registroUsuariosController::index')
 2 SYSTEMPATH\Router\RouteCollection.php(339): require('D:\\Universidad\\TEC\\Semestre V\\Desarrollo de aplicaciones web\\Catalogo\\Catalogo\\app\\Config\\Routes.php')
 3 SYSTEMPATH\CodeIgniter.php(787): CodeIgniter\Router\RouteCollection->loadRoutes()
 4 SYSTEMPATH\CodeIgniter.php(442): CodeIgniter\CodeIgniter->tryToRouteIt(null)
 5 SYSTEMPATH\CodeIgniter.php(353): CodeIgniter\CodeIgniter->handleRequest(null, Object(Config\Cache), false)
 6 FCPATH\index.php(79): CodeIgniter\CodeIgniter->run()
 7 SYSTEMPATH\Commands\Server\rewrite.php(47): require_once('D:\\Universidad\\TEC\\Semestre V\\Desarrollo de aplicaciones web\\Catalogo\\Catalogo\\public\\index.php')
CRITICAL - 2023-11-29 04:20:57 --> Undefined array key "correo_electronico"
in APPPATH\Controllers\UsuariosController.php on line 18.
 1 APPPATH\Controllers\UsuariosController.php(18): CodeIgniter\Debug\Exceptions->errorHandler(2, 'Undefined array key "correo_electronico"', 'D:\\Universidad\\TEC\\Semestre V\\Desarrollo de aplicaciones web\\Catalogo\\Catalogo\\app\\Controllers\\UsuariosController.php', 18)
 2 SYSTEMPATH\CodeIgniter.php(919): App\Controllers\UsuariosController->registrar_usuario()
 3 SYSTEMPATH\CodeIgniter.php(494): CodeIgniter\CodeIgniter->runController(Object(App\Controllers\UsuariosController))
 4 SYSTEMPATH\CodeIgniter.php(353): CodeIgniter\CodeIgniter->handleRequest(null, Object(Config\Cache), false)
 5 FCPATH\index.php(79): CodeIgniter\CodeIgniter->run()
 6 SYSTEMPATH\Commands\Server\rewrite.php(47): require_once('D:\\Universidad\\TEC\\Semestre V\\Desarrollo de aplicaciones web\\Catalogo\\Catalogo\\public\\index.php')
CRITICAL - 2023-11-29 06:16:47 --> The route for "/usuarios/login" cannot be found.
in SYSTEMPATH\HTTP\RedirectResponse.php on line 60.
 1 SYSTEMPATH\HTTP\RedirectResponse.php(60): CodeIgniter\HTTP\Exceptions\HTTPException::forInvalidRedirectRoute('/usuarios/login')
 2 SYSTEMPATH\Common.php(878): CodeIgniter\HTTP\RedirectResponse->route(false)
 3 APPPATH\Controllers\UsuariosController.php(104): redirect('/usuarios/login', 'refresh')
 4 SYSTEMPATH\CodeIgniter.php(919): App\Controllers\UsuariosController->ingresar()
 5 SYSTEMPATH\CodeIgniter.php(494): CodeIgniter\CodeIgniter->runController(Object(App\Controllers\UsuariosController))
 6 SYSTEMPATH\CodeIgniter.php(353): CodeIgniter\CodeIgniter->handleRequest(null, Object(Config\Cache), false)
 7 FCPATH\index.php(79): CodeIgniter\CodeIgniter->run()
 8 SYSTEMPATH\Commands\Server\rewrite.php(47): require_once('D:\\Universidad\\TEC\\Semestre V\\Desarrollo de aplicaciones web\\Catalogo\\Catalogo\\public\\index.php')
CRITICAL - 2023-11-29 14:39:53 --> Undefined property: stdClass::$idUsuario
in APPPATH\Controllers\UsuariosController.php on line 90.
 1 APPPATH\Controllers\UsuariosController.php(90): CodeIgniter\Debug\Exceptions->errorHandler(2, 'Undefined property: stdClass::$idUsuario', 'D:\\Universidad\\TEC\\Semestre V\\Desarrollo de aplicaciones web\\Catalogo\\Catalogo\\app\\Controllers\\UsuariosController.php', 90)
 2 SYSTEMPATH\CodeIgniter.php(919): App\Controllers\UsuariosController->ingresar()
 3 SYSTEMPATH\CodeIgniter.php(494): CodeIgniter\CodeIgniter->runController(Object(App\Controllers\UsuariosController))
 4 SYSTEMPATH\CodeIgniter.php(353): CodeIgniter\CodeIgniter->handleRequest(null, Object(Config\Cache), false)
 5 FCPATH\index.php(79): CodeIgniter\CodeIgniter->run()
 6 SYSTEMPATH\Commands\Server\rewrite.php(47): require_once('D:\\Universidad\\TEC\\Semestre V\\Desarrollo de aplicaciones web\\Catalogo\\Catalogo\\public\\index.php')
INFO - 2023-11-29 14:48:20 --> Session: Class initialized using 'CodeIgniter\Session\Handlers\FileHandler' driver.
CRITICAL - 2023-11-29 14:48:20 --> Undefined property: stdClass::$idUsuario
in APPPATH\Controllers\UsuariosController.php on line 94.
 1 APPPATH\Controllers\UsuariosController.php(94): CodeIgniter\Debug\Exceptions->errorHandler(2, 'Undefined property: stdClass::$idUsuario', 'D:\\Universidad\\TEC\\Semestre V\\Desarrollo de aplicaciones web\\Catalogo\\Catalogo\\app\\Controllers\\UsuariosController.php', 94)
 2 SYSTEMPATH\CodeIgniter.php(919): App\Controllers\UsuariosController->ingresar()
 3 SYSTEMPATH\CodeIgniter.php(494): CodeIgniter\CodeIgniter->runController(Object(App\Controllers\UsuariosController))
 4 SYSTEMPATH\CodeIgniter.php(353): CodeIgniter\CodeIgniter->handleRequest(null, Object(Config\Cache), false)
 5 FCPATH\index.php(79): CodeIgniter\CodeIgniter->run()
 6 SYSTEMPATH\Commands\Server\rewrite.php(47): require_once('D:\\Universidad\\TEC\\Semestre V\\Desarrollo de aplicaciones web\\Catalogo\\Catalogo\\public\\index.php')
INFO - 2023-11-29 14:48:50 --> Session: Class initialized using 'CodeIgniter\Session\Handlers\FileHandler' driver.
INFO - 2023-11-29 14:51:46 --> Session: Class initialized using 'CodeIgniter\Session\Handlers\FileHandler' driver.
INFO - 2023-11-29 14:52:19 --> Session: Class initialized using 'CodeIgniter\Session\Handlers\FileHandler' driver.
INFO - 2023-11-29 16:14:16 --> Session: Class initialized using 'CodeIgniter\Session\Handlers\FileHandler' driver.
INFO - 2023-11-29 16:18:40 --> Session: Class initialized using 'CodeIgniter\Session\Handlers\FileHandler' driver.
INFO - 2023-11-29 16:19:24 --> Session: Class initialized using 'CodeIgniter\Session\Handlers\FileHandler' driver.
INFO - 2023-11-29 16:23:09 --> Session: Class initialized using 'CodeIgniter\Session\Handlers\FileHandler' driver.
CRITICAL - 2023-11-29 16:23:09 --> Undefined variable $productos
in APPPATH\Views\visitante\MostrarCatalogo.php on line 6.
 1 APPPATH\Views\visitante\MostrarCatalogo.php(6): CodeIgniter\Debug\Exceptions->errorHandler(2, 'Undefined variable $productos', 'D:\\Universidad\\TEC\\Semestre V\\Desarrollo de aplicaciones web\\Catalogo\\Catalogo\\app\\Views\\visitante\\MostrarCatalogo.php', 6)
 2 SYSTEMPATH\View\View.php(226): include('D:\\Universidad\\TEC\\Semestre V\\Desarrollo de aplicaciones web\\Catalogo\\Catalogo\\app\\Views\\visitante\\MostrarCatalogo.php')
 3 SYSTEMPATH\View\View.php(229): CodeIgniter\View\View->CodeIgniter\View\{closure}()
 4 SYSTEMPATH\Common.php(1188): CodeIgniter\View\View->render('/visitante/MostrarCatalogo', [], true)
 5 APPPATH\Controllers\UsuariosController.php(125): view('/visitante/MostrarCatalogo')
 6 SYSTEMPATH\CodeIgniter.php(919): App\Controllers\UsuariosController->ingresar()
 7 SYSTEMPATH\CodeIgniter.php(494): CodeIgniter\CodeIgniter->runController(Object(App\Controllers\UsuariosController))
 8 SYSTEMPATH\CodeIgniter.php(353): CodeIgniter\CodeIgniter->handleRequest(null, Object(Config\Cache), false)
 9 FCPATH\index.php(79): CodeIgniter\CodeIgniter->run()
10 SYSTEMPATH\Commands\Server\rewrite.php(47): require_once('D:\\Universidad\\TEC\\Semestre V\\Desarrollo de aplicaciones web\\Catalogo\\Catalogo\\public\\index.php')
INFO - 2023-11-29 16:26:57 --> Session: Class initialized using 'CodeIgniter\Session\Handlers\FileHandler' driver.
INFO - 2023-11-29 16:28:56 --> Session: Class initialized using 'CodeIgniter\Session\Handlers\FileHandler' driver.
INFO - 2023-11-29 16:41:03 --> Session: Class initialized using 'CodeIgniter\Session\Handlers\FileHandler' driver.
INFO - 2023-11-29 16:41:36 --> Session: Class initialized using 'CodeIgniter\Session\Handlers\FileHandler' driver.
INFO - 2023-11-29 16:46:33 --> Session: Class initialized using 'CodeIgniter\Session\Handlers\FileHandler' driver.
INFO - 2023-11-29 16:50:03 --> Session: Class initialized using 'CodeIgniter\Session\Handlers\FileHandler' driver.
INFO - 2023-11-29 16:53:01 --> Session: Class initialized using 'CodeIgniter\Session\Handlers\FileHandler' driver.
INFO - 2023-11-29 16:55:31 --> Session: Class initialized using 'CodeIgniter\Session\Handlers\FileHandler' driver.
INFO - 2023-11-29 16:55:40 --> Session: Class initialized using 'CodeIgniter\Session\Handlers\FileHandler' driver.
INFO - 2023-11-29 17:00:32 --> Session: Class initialized using 'CodeIgniter\Session\Handlers\FileHandler' driver.
INFO - 2023-11-29 17:00:54 --> Session: Class initialized using 'CodeIgniter\Session\Handlers\FileHandler' driver.
INFO - 2023-11-29 17:01:06 --> Session: Class initialized using 'CodeIgniter\Session\Handlers\FileHandler' driver.
INFO - 2023-11-29 17:01:19 --> Session: Class initialized using 'CodeIgniter\Session\Handlers\FileHandler' driver.
INFO - 2023-11-29 17:06:31 --> Session: Class initialized using 'CodeIgniter\Session\Handlers\FileHandler' driver.
INFO - 2023-11-29 17:06:44 --> Session: Class initialized using 'CodeIgniter\Session\Handlers\FileHandler' driver.
INFO - 2023-11-29 17:06:58 --> Session: Class initialized using 'CodeIgniter\Session\Handlers\FileHandler' driver.
INFO - 2023-11-29 17:07:54 --> Session: Class initialized using 'CodeIgniter\Session\Handlers\FileHandler' driver.
INFO - 2023-11-29 17:09:16 --> Session: Class initialized using 'CodeIgniter\Session\Handlers\FileHandler' driver.
CRITICAL - 2023-11-29 17:09:22 --> Undefined variable $session
in APPPATH\Controllers\UsuariosController.php on line 137.
 1 APPPATH\Controllers\UsuariosController.php(137): CodeIgniter\Debug\Exceptions->errorHandler(2, 'Undefined variable $session', 'D:\\Universidad\\TEC\\Semestre V\\Desarrollo de aplicaciones web\\Catalogo\\Catalogo\\app\\Controllers\\UsuariosController.php', 137)
 2 SYSTEMPATH\CodeIgniter.php(919): App\Controllers\UsuariosController->cerrar_sesion()
 3 SYSTEMPATH\CodeIgniter.php(494): CodeIgniter\CodeIgniter->runController(Object(App\Controllers\UsuariosController))
 4 SYSTEMPATH\CodeIgniter.php(353): CodeIgniter\CodeIgniter->handleRequest(null, Object(Config\Cache), false)
 5 FCPATH\index.php(79): CodeIgniter\CodeIgniter->run()
 6 SYSTEMPATH\Commands\Server\rewrite.php(47): require_once('D:\\Universidad\\TEC\\Semestre V\\Desarrollo de aplicaciones web\\Catalogo\\Catalogo\\public\\index.php')
INFO - 2023-11-29 17:10:03 --> Session: Class initialized using 'CodeIgniter\Session\Handlers\FileHandler' driver.
INFO - 2023-11-29 17:10:06 --> Session: Class initialized using 'CodeIgniter\Session\Handlers\FileHandler' driver.
INFO - 2023-11-29 17:10:09 --> Session: Class initialized using 'CodeIgniter\Session\Handlers\FileHandler' driver.
CRITICAL - 2023-11-29 17:10:09 --> Undefined variable $session
in APPPATH\Controllers\UsuariosController.php on line 137.
 1 APPPATH\Controllers\UsuariosController.php(137): CodeIgniter\Debug\Exceptions->errorHandler(2, 'Undefined variable $session', 'D:\\Universidad\\TEC\\Semestre V\\Desarrollo de aplicaciones web\\Catalogo\\Catalogo\\app\\Controllers\\UsuariosController.php', 137)
 2 SYSTEMPATH\CodeIgniter.php(919): App\Controllers\UsuariosController->cerrar_sesion()
 3 SYSTEMPATH\CodeIgniter.php(494): CodeIgniter\CodeIgniter->runController(Object(App\Controllers\UsuariosController))
 4 SYSTEMPATH\CodeIgniter.php(353): CodeIgniter\CodeIgniter->handleRequest(null, Object(Config\Cache), false)
 5 FCPATH\index.php(79): CodeIgniter\CodeIgniter->run()
 6 SYSTEMPATH\Commands\Server\rewrite.php(47): require_once('D:\\Universidad\\TEC\\Semestre V\\Desarrollo de aplicaciones web\\Catalogo\\Catalogo\\public\\index.php')
INFO - 2023-11-29 17:10:43 --> Session: Class initialized using 'CodeIgniter\Session\Handlers\FileHandler' driver.
INFO - 2023-11-29 17:10:44 --> Session: Class initialized using 'CodeIgniter\Session\Handlers\FileHandler' driver.
INFO - 2023-11-29 17:10:51 --> Session: Class initialized using 'CodeIgniter\Session\Handlers\FileHandler' driver.
INFO - 2023-11-29 17:11:17 --> Session: Class initialized using 'CodeIgniter\Session\Handlers\FileHandler' driver.
INFO - 2023-11-29 17:11:17 --> Session: Class initialized using 'CodeIgniter\Session\Handlers\FileHandler' driver.
INFO - 2023-11-29 17:11:22 --> Session: Class initialized using 'CodeIgniter\Session\Handlers\FileHandler' driver.
INFO - 2023-11-29 17:11:30 --> Session: Class initialized using 'CodeIgniter\Session\Handlers\FileHandler' driver.
INFO - 2023-11-29 17:12:43 --> Session: Class initialized using 'CodeIgniter\Session\Handlers\FileHandler' driver.
INFO - 2023-11-29 17:12:51 --> Session: Class initialized using 'CodeIgniter\Session\Handlers\FileHandler' driver.
INFO - 2023-11-29 17:13:07 --> Session: Class initialized using 'CodeIgniter\Session\Handlers\FileHandler' driver.
INFO - 2023-11-29 17:13:50 --> Session: Class initialized using 'CodeIgniter\Session\Handlers\FileHandler' driver.
INFO - 2023-11-29 17:13:54 --> Session: Class initialized using 'CodeIgniter\Session\Handlers\FileHandler' driver.
INFO - 2023-11-29 17:14:03 --> Session: Class initialized using 'CodeIgniter\Session\Handlers\FileHandler' driver.
INFO - 2023-11-29 17:15:57 --> Session: Class initialized using 'CodeIgniter\Session\Handlers\FileHandler' driver.
INFO - 2023-11-29 17:16:01 --> Session: Class initialized using 'CodeIgniter\Session\Handlers\FileHandler' driver.
CRITICAL - 2023-11-29 17:16:01 --> Undefined property: App\Controllers\UsuariosController::$session
in APPPATH\Controllers\UsuariosController.php on line 137.
 1 APPPATH\Controllers\UsuariosController.php(137): CodeIgniter\Debug\Exceptions->errorHandler(2, 'Undefined property: App\\Controllers\\UsuariosController::$session', 'D:\\Universidad\\TEC\\Semestre V\\Desarrollo de aplicaciones web\\Catalogo\\Catalogo\\app\\Controllers\\UsuariosController.php', 137)
 2 SYSTEMPATH\CodeIgniter.php(919): App\Controllers\UsuariosController->cerrar_sesion()
 3 SYSTEMPATH\CodeIgniter.php(494): CodeIgniter\CodeIgniter->runController(Object(App\Controllers\UsuariosController))
 4 SYSTEMPATH\CodeIgniter.php(353): CodeIgniter\CodeIgniter->handleRequest(null, Object(Config\Cache), false)
 5 FCPATH\index.php(79): CodeIgniter\CodeIgniter->run()
 6 SYSTEMPATH\Commands\Server\rewrite.php(47): require_once('D:\\Universidad\\TEC\\Semestre V\\Desarrollo de aplicaciones web\\Catalogo\\Catalogo\\public\\index.php')
INFO - 2023-11-29 17:16:45 --> Session: Class initialized using 'CodeIgniter\Session\Handlers\FileHandler' driver.
CRITICAL - 2023-11-29 17:16:45 --> Call to a member function session_destroy() on null
in APPPATH\Controllers\UsuariosController.php on line 137.
 1 SYSTEMPATH\CodeIgniter.php(919): App\Controllers\UsuariosController->cerrar_sesion()
 2 SYSTEMPATH\CodeIgniter.php(494): CodeIgniter\CodeIgniter->runController(Object(App\Controllers\UsuariosController))
 3 SYSTEMPATH\CodeIgniter.php(353): CodeIgniter\CodeIgniter->handleRequest(null, Object(Config\Cache), false)
 4 FCPATH\index.php(79): CodeIgniter\CodeIgniter->run()
 5 SYSTEMPATH\Commands\Server\rewrite.php(47): require_once('D:\\Universidad\\TEC\\Semestre V\\Desarrollo de aplicaciones web\\Catalogo\\Catalogo\\public\\index.php')
INFO - 2023-11-29 17:17:25 --> Session: Class initialized using 'CodeIgniter\Session\Handlers\FileHandler' driver.
INFO - 2023-11-29 17:17:31 --> Session: Class initialized using 'CodeIgniter\Session\Handlers\FileHandler' driver.
INFO - 2023-11-29 17:17:36 --> Session: Class initialized using 'CodeIgniter\Session\Handlers\FileHandler' driver.
INFO - 2023-11-29 17:19:22 --> Session: Class initialized using 'CodeIgniter\Session\Handlers\FileHandler' driver.
CRITICAL - 2023-11-29 17:19:25 --> Undefined property: App\Controllers\UsuariosController::$load
in APPPATH\Controllers\UsuariosController.php on line 134.
 1 APPPATH\Controllers\UsuariosController.php(134): CodeIgniter\Debug\Exceptions->errorHandler(2, 'Undefined property: App\\Controllers\\UsuariosController::$load', 'D:\\Universidad\\TEC\\Semestre V\\Desarrollo de aplicaciones web\\Catalogo\\Catalogo\\app\\Controllers\\UsuariosController.php', 134)
 2 SYSTEMPATH\CodeIgniter.php(919): App\Controllers\UsuariosController->cerrar_sesion()
 3 SYSTEMPATH\CodeIgniter.php(494): CodeIgniter\CodeIgniter->runController(Object(App\Controllers\UsuariosController))
 4 SYSTEMPATH\CodeIgniter.php(353): CodeIgniter\CodeIgniter->handleRequest(null, Object(Config\Cache), false)
 5 FCPATH\index.php(79): CodeIgniter\CodeIgniter->run()
 6 SYSTEMPATH\Commands\Server\rewrite.php(47): require_once('D:\\Universidad\\TEC\\Semestre V\\Desarrollo de aplicaciones web\\Catalogo\\Catalogo\\public\\index.php')
INFO - 2023-11-29 17:19:56 --> Session: Class initialized using 'CodeIgniter\Session\Handlers\FileHandler' driver.
INFO - 2023-11-29 17:20:02 --> Session: Class initialized using 'CodeIgniter\Session\Handlers\FileHandler' driver.
INFO - 2023-11-29 17:21:14 --> Session: Class initialized using 'CodeIgniter\Session\Handlers\FileHandler' driver.
INFO - 2023-11-29 17:21:16 --> Session: Class initialized using 'CodeIgniter\Session\Handlers\FileHandler' driver.
INFO - 2023-11-29 17:21:19 --> Session: Class initialized using 'CodeIgniter\Session\Handlers\FileHandler' driver.
INFO - 2023-11-29 17:21:41 --> Session: Class initialized using 'CodeIgniter\Session\Handlers\FileHandler' driver.
INFO - 2023-11-29 17:21:52 --> Session: Class initialized using 'CodeIgniter\Session\Handlers\FileHandler' driver.
INFO - 2023-11-29 17:22:30 --> Session: Class initialized using 'CodeIgniter\Session\Handlers\FileHandler' driver.
INFO - 2023-11-29 17:22:36 --> Session: Class initialized using 'CodeIgniter\Session\Handlers\FileHandler' driver.
INFO - 2023-11-29 17:26:03 --> Session: Class initialized using 'CodeIgniter\Session\Handlers\FileHandler' driver.
CRITICAL - 2023-11-29 17:26:03 --> Object of class CodeIgniter\Session\Session could not be converted to string
in APPPATH\Views\visitante\vista_prueba.php on line 1.
 1 SYSTEMPATH\View\View.php(226): include()
 2 SYSTEMPATH\View\View.php(229): CodeIgniter\View\View->CodeIgniter\View\{closure}()
 3 SYSTEMPATH\Common.php(1188): CodeIgniter\View\View->render('/visitante/vista_prueba', [], true)
 4 APPPATH\Controllers\UsuariosController.php(128): view('/visitante/vista_prueba')
 5 SYSTEMPATH\CodeIgniter.php(919): App\Controllers\UsuariosController->ingresar()
 6 SYSTEMPATH\CodeIgniter.php(494): CodeIgniter\CodeIgniter->runController(Object(App\Controllers\UsuariosController))
 7 SYSTEMPATH\CodeIgniter.php(353): CodeIgniter\CodeIgniter->handleRequest(null, Object(Config\Cache), false)
 8 FCPATH\index.php(79): CodeIgniter\CodeIgniter->run()
 9 SYSTEMPATH\Commands\Server\rewrite.php(47): require_once('D:\\Universidad\\TEC\\Semestre V\\Desarrollo de aplicaciones web\\Catalogo\\Catalogo\\public\\index.php')
INFO - 2023-11-29 17:26:27 --> Session: Class initialized using 'CodeIgniter\Session\Handlers\FileHandler' driver.
INFO - 2023-11-29 17:26:30 --> Session: Class initialized using 'CodeIgniter\Session\Handlers\FileHandler' driver.
INFO - 2023-11-29 17:26:34 --> Session: Class initialized using 'CodeIgniter\Session\Handlers\FileHandler' driver.
INFO - 2023-11-29 17:26:40 --> Session: Class initialized using 'CodeIgniter\Session\Handlers\FileHandler' driver.
INFO - 2023-11-29 17:26:48 --> Session: Class initialized using 'CodeIgniter\Session\Handlers\FileHandler' driver.
INFO - 2023-11-29 17:27:25 --> Session: Class initialized using 'CodeIgniter\Session\Handlers\FileHandler' driver.
INFO - 2023-11-29 17:27:41 --> Session: Class initialized using 'CodeIgniter\Session\Handlers\FileHandler' driver.
INFO - 2023-11-29 17:27:44 --> Session: Class initialized using 'CodeIgniter\Session\Handlers\FileHandler' driver.
INFO - 2023-11-29 17:27:46 --> Session: Class initialized using 'CodeIgniter\Session\Handlers\FileHandler' driver.
INFO - 2023-11-29 17:27:47 --> Session: Class initialized using 'CodeIgniter\Session\Handlers\FileHandler' driver.
INFO - 2023-11-29 17:28:07 --> Session: Class initialized using 'CodeIgniter\Session\Handlers\FileHandler' driver.
INFO - 2023-11-29 17:28:59 --> Session: Class initialized using 'CodeIgniter\Session\Handlers\FileHandler' driver.
INFO - 2023-11-29 17:29:05 --> Session: Class initialized using 'CodeIgniter\Session\Handlers\FileHandler' driver.
INFO - 2023-11-29 17:29:09 --> Session: Class initialized using 'CodeIgniter\Session\Handlers\FileHandler' driver.
INFO - 2023-11-29 17:29:27 --> Session: Class initialized using 'CodeIgniter\Session\Handlers\FileHandler' driver.
INFO - 2023-11-29 17:32:16 --> Session: Class initialized using 'CodeIgniter\Session\Handlers\FileHandler' driver.
INFO - 2023-11-29 17:46:48 --> Session: Class initialized using 'CodeIgniter\Session\Handlers\FileHandler' driver.
INFO - 2023-11-29 17:46:49 --> Session: Class initialized using 'CodeIgniter\Session\Handlers\FileHandler' driver.
INFO - 2023-11-29 17:46:53 --> Session: Class initialized using 'CodeIgniter\Session\Handlers\FileHandler' driver.
INFO - 2023-11-29 17:47:12 --> Session: Class initialized using 'CodeIgniter\Session\Handlers\FileHandler' driver.
INFO - 2023-11-29 17:47:15 --> Session: Class initialized using 'CodeIgniter\Session\Handlers\FileHandler' driver.
INFO - 2023-11-29 17:47:15 --> Session: Class initialized using 'CodeIgniter\Session\Handlers\FileHandler' driver.
INFO - 2023-11-29 17:47:19 --> Session: Class initialized using 'CodeIgniter\Session\Handlers\FileHandler' driver.
INFO - 2023-11-29 17:47:24 --> Session: Class initialized using 'CodeIgniter\Session\Handlers\FileHandler' driver.
INFO - 2023-11-29 17:47:27 --> Session: Class initialized using 'CodeIgniter\Session\Handlers\FileHandler' driver.
INFO - 2023-11-29 17:48:03 --> Session: Class initialized using 'CodeIgniter\Session\Handlers\FileHandler' driver.
INFO - 2023-11-29 17:48:07 --> Session: Class initialized using 'CodeIgniter\Session\Handlers\FileHandler' driver.
INFO - 2023-11-29 17:48:09 --> Session: Class initialized using 'CodeIgniter\Session\Handlers\FileHandler' driver.
INFO - 2023-11-29 17:49:26 --> Session: Class initialized using 'CodeIgniter\Session\Handlers\FileHandler' driver.
INFO - 2023-11-29 17:58:01 --> Session: Class initialized using 'CodeIgniter\Session\Handlers\FileHandler' driver.
INFO - 2023-11-29 17:58:06 --> Session: Class initialized using 'CodeIgniter\Session\Handlers\FileHandler' driver.
INFO - 2023-11-29 17:58:06 --> Session: Class initialized using 'CodeIgniter\Session\Handlers\FileHandler' driver.
INFO - 2023-11-29 17:58:10 --> Session: Class initialized using 'CodeIgniter\Session\Handlers\FileHandler' driver.
INFO - 2023-11-29 17:58:15 --> Session: Class initialized using 'CodeIgniter\Session\Handlers\FileHandler' driver.
INFO - 2023-11-29 17:58:15 --> Session: Class initialized using 'CodeIgniter\Session\Handlers\FileHandler' driver.
INFO - 2023-11-29 18:08:36 --> Session: Class initialized using 'CodeIgniter\Session\Handlers\FileHandler' driver.
INFO - 2023-11-29 18:08:36 --> Session: Class initialized using 'CodeIgniter\Session\Handlers\FileHandler' driver.
INFO - 2023-11-29 18:09:27 --> Session: Class initialized using 'CodeIgniter\Session\Handlers\FileHandler' driver.
INFO - 2023-11-29 18:09:47 --> Session: Class initialized using 'CodeIgniter\Session\Handlers\FileHandler' driver.
INFO - 2023-11-29 18:09:51 --> Session: Class initialized using 'CodeIgniter\Session\Handlers\FileHandler' driver.
CRITICAL - 2023-11-29 18:09:51 --> The route for "usuarios/log" cannot be found.
in SYSTEMPATH\HTTP\RedirectResponse.php on line 60.
 1 SYSTEMPATH\HTTP\RedirectResponse.php(60): CodeIgniter\HTTP\Exceptions\HTTPException::forInvalidRedirectRoute('usuarios/log')
 2 SYSTEMPATH\Common.php(878): CodeIgniter\HTTP\RedirectResponse->route(false)
 3 APPPATH\Controllers\UsuariosController.php(147): redirect('usuarios/log', 'refresh')
 4 SYSTEMPATH\CodeIgniter.php(919): App\Controllers\UsuariosController->cerrar_sesion()
 5 SYSTEMPATH\CodeIgniter.php(494): CodeIgniter\CodeIgniter->runController(Object(App\Controllers\UsuariosController))
 6 SYSTEMPATH\CodeIgniter.php(353): CodeIgniter\CodeIgniter->handleRequest(null, Object(Config\Cache), false)
 7 FCPATH\index.php(79): CodeIgniter\CodeIgniter->run()
 8 SYSTEMPATH\Commands\Server\rewrite.php(47): require_once('D:\\Universidad\\TEC\\Semestre V\\Desarrollo de aplicaciones web\\Catalogo\\Catalogo\\public\\index.php')
INFO - 2023-11-29 18:10:09 --> Session: Class initialized using 'CodeIgniter\Session\Handlers\FileHandler' driver.
INFO - 2023-11-29 18:10:10 --> Session: Class initialized using 'CodeIgniter\Session\Handlers\FileHandler' driver.
