CRITICAL - 2023-11-20 22:00:06 --> Undefined array key "comentario"
in APPPATH\Views\visitante\MostrarCatalogo.php on line 78.
 1 APPPATH\Views\visitante\MostrarCatalogo.php(78): CodeIgniter\Debug\Exceptions->errorHandler(2, 'Undefined array key "comentario"', 'D:\\Universidad\\TEC\\Semestre V\\Desarrollo de aplicaciones web\\Catalogo\\Catalogo\\app\\Views\\visitante\\MostrarCatalogo.php', 78)
 2 SYSTEMPATH\View\View.php(226): include('D:\\Universidad\\TEC\\Semestre V\\Desarrollo de aplicaciones web\\Catalogo\\Catalogo\\app\\Views\\visitante\\MostrarCatalogo.php')
 3 SYSTEMPATH\View\View.php(229): CodeIgniter\View\View->CodeIgniter\View\{closure}()
 4 SYSTEMPATH\Common.php(1188): CodeIgniter\View\View->render('visitante/MostrarCatalogo', [], true)
 5 APPPATH\Controllers\VisitanteController.php(29): view('visitante/MostrarCatalogo', [...])
 6 SYSTEMPATH\CodeIgniter.php(919): App\Controllers\VisitanteController->consultarCatalogo()
 7 SYSTEMPATH\CodeIgniter.php(494): CodeIgniter\CodeIgniter->runController(Object(App\Controllers\VisitanteController))
 8 SYSTEMPATH\CodeIgniter.php(353): CodeIgniter\CodeIgniter->handleRequest(null, Object(Config\Cache), false)
 9 FCPATH\index.php(79): CodeIgniter\CodeIgniter->run()
10 SYSTEMPATH\Commands\Server\rewrite.php(47): require_once('D:\\Universidad\\TEC\\Semestre V\\Desarrollo de aplicaciones web\\Catalogo\\Catalogo\\public\\index.php')
CRITICAL - 2023-11-20 22:56:05 --> Undefined array key "nombre_producto"
in APPPATH\Views\visitante\Prueba.php on line 109.
 1 APPPATH\Views\visitante\Prueba.php(109): CodeIgniter\Debug\Exceptions->errorHandler(2, 'Undefined array key "nombre_producto"', 'D:\\Universidad\\TEC\\Semestre V\\Desarrollo de aplicaciones web\\Catalogo\\Catalogo\\app\\Views\\visitante\\Prueba.php', 109)
 2 SYSTEMPATH\View\View.php(226): include('D:\\Universidad\\TEC\\Semestre V\\Desarrollo de aplicaciones web\\Catalogo\\Catalogo\\app\\Views\\visitante\\Prueba.php')
 3 SYSTEMPATH\View\View.php(229): CodeIgniter\View\View->CodeIgniter\View\{closure}()
 4 SYSTEMPATH\Common.php(1188): CodeIgniter\View\View->render('visitante/Prueba', [], true)
 5 APPPATH\Controllers\VisitanteController.php(30): view('visitante/Prueba', [...])
 6 SYSTEMPATH\CodeIgniter.php(919): App\Controllers\VisitanteController->consultarCatalogo()
 7 SYSTEMPATH\CodeIgniter.php(494): CodeIgniter\CodeIgniter->runController(Object(App\Controllers\VisitanteController))
 8 SYSTEMPATH\CodeIgniter.php(353): CodeIgniter\CodeIgniter->handleRequest(null, Object(Config\Cache), false)
 9 FCPATH\index.php(79): CodeIgniter\CodeIgniter->run()
10 SYSTEMPATH\Commands\Server\rewrite.php(47): require_once('D:\\Universidad\\TEC\\Semestre V\\Desarrollo de aplicaciones web\\Catalogo\\Catalogo\\public\\index.php')
CRITICAL - 2023-11-20 23:07:36 --> Undefined constant "n"
in APPPATH\Views\visitante\Prueba.php on line 83.
 1 SYSTEMPATH\View\View.php(226): include()
 2 SYSTEMPATH\View\View.php(229): CodeIgniter\View\View->CodeIgniter\View\{closure}()
 3 SYSTEMPATH\Common.php(1188): CodeIgniter\View\View->render('visitante/Prueba', [], true)
 4 APPPATH\Controllers\VisitanteController.php(30): view('visitante/Prueba', [...])
 5 SYSTEMPATH\CodeIgniter.php(919): App\Controllers\VisitanteController->consultarCatalogo()
 6 SYSTEMPATH\CodeIgniter.php(494): CodeIgniter\CodeIgniter->runController(Object(App\Controllers\VisitanteController))
 7 SYSTEMPATH\CodeIgniter.php(353): CodeIgniter\CodeIgniter->handleRequest(null, Object(Config\Cache), false)
 8 FCPATH\index.php(79): CodeIgniter\CodeIgniter->run()
 9 SYSTEMPATH\Commands\Server\rewrite.php(47): require_once('D:\\Universidad\\TEC\\Semestre V\\Desarrollo de aplicaciones web\\Catalogo\\Catalogo\\public\\index.php')
CRITICAL - 2023-11-20 23:15:00 --> Undefined array key "nombre_usuario"
in APPPATH\Views\visitante\Prueba.php on line 83.
 1 APPPATH\Views\visitante\Prueba.php(83): CodeIgniter\Debug\Exceptions->errorHandler(2, 'Undefined array key "nombre_usuario"', 'D:\\Universidad\\TEC\\Semestre V\\Desarrollo de aplicaciones web\\Catalogo\\Catalogo\\app\\Views\\visitante\\Prueba.php', 83)
 2 SYSTEMPATH\View\View.php(226): include('D:\\Universidad\\TEC\\Semestre V\\Desarrollo de aplicaciones web\\Catalogo\\Catalogo\\app\\Views\\visitante\\Prueba.php')
 3 SYSTEMPATH\View\View.php(229): CodeIgniter\View\View->CodeIgniter\View\{closure}()
 4 SYSTEMPATH\Common.php(1188): CodeIgniter\View\View->render('visitante/Prueba', [], true)
 5 APPPATH\Controllers\VisitanteController.php(30): view('visitante/Prueba', [...])
 6 SYSTEMPATH\CodeIgniter.php(919): App\Controllers\VisitanteController->consultarCatalogo()
 7 SYSTEMPATH\CodeIgniter.php(494): CodeIgniter\CodeIgniter->runController(Object(App\Controllers\VisitanteController))
 8 SYSTEMPATH\CodeIgniter.php(353): CodeIgniter\CodeIgniter->handleRequest(null, Object(Config\Cache), false)
 9 FCPATH\index.php(79): CodeIgniter\CodeIgniter->run()
10 SYSTEMPATH\Commands\Server\rewrite.php(47): require_once('D:\\Universidad\\TEC\\Semestre V\\Desarrollo de aplicaciones web\\Catalogo\\Catalogo\\public\\index.php')
